2021-02-02 12:28:08.278 DEBUG [main] [dao.pool.ConnectionPool.getConnection(ConnectionPool.java:118)] - Connection was received from pool. Current pool size: 1 used connections; 9 free connection
2021-02-02 12:28:08.379 DEBUG [main] [dao.database.UserDaoImpl.delete(UserDaoImpl.java:130)] - User with id=7 was deleted
2021-02-02 12:28:08.398 DEBUG [main] [dao.database.UserDaoImpl.read(UserDaoImpl.java:157)] - Users were read
2021-02-02 12:31:55.158 DEBUG [main] [dao.pool.ConnectionPool.getConnection(ConnectionPool.java:118)] - Connection was received from pool. Current pool size: 1 used connections; 9 free connection
2021-02-02 12:31:55.354 DEBUG [main] [dao.database.UserDaoImpl.update(UserDaoImpl.java:113)] - User with id=8 was updated
2021-02-02 12:31:55.379 DEBUG [main] [dao.database.UserDaoImpl.read(UserDaoImpl.java:157)] - Users were read
2021-02-02 12:33:24.606 DEBUG [main] [dao.pool.ConnectionPool.getConnection(ConnectionPool.java:118)] - Connection was received from pool. Current pool size: 1 used connections; 9 free connection
2021-02-02 12:33:24.835 DEBUG [main] [dao.database.UserDaoImpl.create(UserDaoImpl.java:62)] - User with id=8 was created
2021-02-02 12:33:24.839 DEBUG [main] [dao.database.UserDaoImpl.read(UserDaoImpl.java:157)] - Users were read
2021-02-02 12:45:18.676 DEBUG [main] [dao.pool.ConnectionPool.getConnection(ConnectionPool.java:118)] - Connection was received from pool. Current pool size: 1 used connections; 9 free connection
2021-02-02 12:45:18.765 DEBUG [main] [dao.database.UserDaoImpl.read(UserDaoImpl.java:212)] - User with login=marg was read
2021-02-02 12:45:18.774 DEBUG [main] [dao.database.UserDaoImpl.read(UserDaoImpl.java:212)] - User with login=patient was read
2021-02-02 12:46:48.956 DEBUG [main] [dao.pool.ConnectionPool.getConnection(ConnectionPool.java:118)] - Connection was received from pool. Current pool size: 1 used connections; 9 free connection
2021-02-02 12:46:49.033 DEBUG [main] [dao.database.UserDaoImpl.read(UserDaoImpl.java:92)] - User was read
2021-02-02 12:46:49.042 DEBUG [main] [dao.database.UserDaoImpl.read(UserDaoImpl.java:92)] - User was read
2021-02-02 12:53:20.622 DEBUG [main] [dao.pool.ConnectionPool.getConnection(ConnectionPool.java:118)] - Connection was received from pool. Current pool size: 1 used connections; 9 free connection
2021-02-02 12:53:20.708 DEBUG [main] [dao.database.UserDaoImpl.read(UserDaoImpl.java:212)] - User with login=marg was read
2021-02-02 12:53:20.863 DEBUG [main] [dao.database.UserDaoImpl.read(UserDaoImpl.java:212)] - User with login=patient was read
2021-02-02 12:54:49.011 DEBUG [main] [dao.pool.ConnectionPool.getConnection(ConnectionPool.java:118)] - Connection was received from pool. Current pool size: 1 used connections; 9 free connection
2021-02-02 12:54:49.100 DEBUG [main] [dao.database.UserDaoImpl.read(UserDaoImpl.java:157)] - Users were read
2021-02-02 12:57:00.654 DEBUG [main] [dao.pool.ConnectionPool.getConnection(ConnectionPool.java:118)] - Connection was received from pool. Current pool size: 1 used connections; 9 free connection
2021-02-02 12:57:00.733 DEBUG [main] [dao.database.UserDaoImpl.read(UserDaoImpl.java:252)] - Users were read
2021-02-02 12:57:00.743 DEBUG [main] [dao.database.UserDaoImpl.read(UserDaoImpl.java:252)] - Users were read
2021-02-02 12:57:00.749 DEBUG [main] [dao.database.UserDaoImpl.read(UserDaoImpl.java:252)] - Users were read
2021-02-02 12:57:13.865 DEBUG [main] [dao.pool.ConnectionPool.getConnection(ConnectionPool.java:118)] - Connection was received from pool. Current pool size: 1 used connections; 9 free connection
2021-02-02 12:57:14.013 DEBUG [main] [dao.database.UserDaoImpl.delete(UserDaoImpl.java:130)] - User with id=7 was deleted
2021-02-02 12:57:14.031 DEBUG [main] [dao.database.UserDaoImpl.read(UserDaoImpl.java:157)] - Users were read
2021-02-02 12:57:14.048 DEBUG [main] [dao.database.UserDaoImpl.read(UserDaoImpl.java:252)] - Users were read
2021-02-02 12:57:14.054 DEBUG [main] [dao.database.UserDaoImpl.read(UserDaoImpl.java:252)] - Users were read
2021-02-02 12:57:14.061 DEBUG [main] [dao.database.UserDaoImpl.read(UserDaoImpl.java:252)] - Users were read
2021-02-02 12:57:14.066 DEBUG [main] [dao.database.UserDaoImpl.read(UserDaoImpl.java:157)] - Users were read
2021-02-02 12:57:14.070 DEBUG [main] [dao.database.UserDaoImpl.read(UserDaoImpl.java:92)] - User was read
2021-02-02 12:57:14.075 DEBUG [main] [dao.database.UserDaoImpl.read(UserDaoImpl.java:92)] - User was read
2021-02-02 12:57:14.081 DEBUG [main] [dao.database.UserDaoImpl.read(UserDaoImpl.java:212)] - User with login=marg was read
2021-02-02 12:57:14.221 DEBUG [main] [dao.database.UserDaoImpl.read(UserDaoImpl.java:212)] - User with login=patient was read
2021-02-02 12:57:14.336 DEBUG [main] [dao.database.UserDaoImpl.read(UserDaoImpl.java:212)] - User with login=marg was read
2021-02-02 12:57:14.340 DEBUG [main] [dao.database.UserDaoImpl.read(UserDaoImpl.java:212)] - User with login=patient was read
2021-02-02 12:58:21.615 DEBUG [main] [dao.pool.ConnectionPool.getConnection(ConnectionPool.java:118)] - Connection was received from pool. Current pool size: 1 used connections; 9 free connection
2021-02-02 12:58:21.868 DEBUG [main] [dao.database.UserDaoImpl.create(UserDaoImpl.java:62)] - User with id=8 was created
2021-02-02 12:58:21.873 DEBUG [main] [dao.database.UserDaoImpl.read(UserDaoImpl.java:157)] - Users were read
2021-02-02 14:45:25.655 DEBUG [main] [dao.pool.ConnectionPool.getConnection(ConnectionPool.java:118)] - Connection was received from pool. Current pool size: 1 used connections; 9 free connection
2021-02-02 15:00:01.834 DEBUG [main] [dao.pool.ConnectionPool.getConnection(ConnectionPool.java:118)] - Connection was received from pool. Current pool size: 1 used connections; 9 free connection
2021-02-02 15:00:01.899 DEBUG [main] [dao.database.PatientDaoImpl.delete(PatientDaoImpl.java:145)] - Patient with id = 8 was deleted
2021-02-02 15:00:01.902 DEBUG [main] [dao.database.UserDaoImpl.delete(UserDaoImpl.java:130)] - User with id=8 was deleted
2021-02-02 15:00:01.924 DEBUG [main] [dao.database.PatientDaoImpl.read(PatientDaoImpl.java:85)] - Patients were read
2021-02-02 15:00:01.927 DEBUG [main] [dao.database.UserDaoImpl.read(UserDaoImpl.java:92)] - User was read
2021-02-02 15:00:01.929 DEBUG [main] [dao.database.UserDaoImpl.read(UserDaoImpl.java:92)] - User was read
2021-02-02 15:10:24.397 DEBUG [main] [dao.pool.ConnectionPool.getConnection(ConnectionPool.java:118)] - Connection was received from pool. Current pool size: 1 used connections; 9 free connection
2021-02-02 15:10:24.466 DEBUG [main] [dao.database.PatientDaoImpl.update(PatientDaoImpl.java:134)] - Patient with id=9 was updated
2021-02-02 15:10:24.489 DEBUG [main] [dao.database.PatientDaoImpl.read(PatientDaoImpl.java:85)] - Patients were read
2021-02-02 15:10:24.492 DEBUG [main] [dao.database.UserDaoImpl.read(UserDaoImpl.java:92)] - User was read
2021-02-02 15:10:24.495 DEBUG [main] [dao.database.UserDaoImpl.read(UserDaoImpl.java:92)] - User was read
2021-02-02 15:10:24.498 DEBUG [main] [dao.database.UserDaoImpl.read(UserDaoImpl.java:92)] - User was read
2021-02-02 15:10:24.502 DEBUG [main] [dao.database.UserDaoImpl.read(UserDaoImpl.java:92)] - User was read
2021-02-02 15:22:21.925 DEBUG [main] [dao.pool.ConnectionPool.getConnection(ConnectionPool.java:118)] - Connection was received from pool. Current pool size: 1 used connections; 9 free connection
2021-02-02 15:22:21.988 DEBUG [main] [dao.database.PatientDaoImpl.delete(PatientDaoImpl.java:145)] - Patient with id = 8 was deleted
2021-02-02 15:22:21.991 DEBUG [main] [dao.database.UserDaoImpl.delete(UserDaoImpl.java:130)] - User with id=8 was deleted
2021-02-02 15:22:22.023 DEBUG [main] [dao.database.PatientDaoImpl.read(PatientDaoImpl.java:85)] - Patients were read
2021-02-02 15:22:22.027 DEBUG [main] [dao.database.UserDaoImpl.read(UserDaoImpl.java:92)] - User was read
2021-02-02 15:22:22.031 DEBUG [main] [dao.database.UserDaoImpl.read(UserDaoImpl.java:92)] - User was read
2021-02-02 15:22:22.034 DEBUG [main] [dao.database.UserDaoImpl.read(UserDaoImpl.java:92)] - User was read
2021-02-02 15:23:57.219 DEBUG [main] [dao.pool.ConnectionPool.getConnection(ConnectionPool.java:118)] - Connection was received from pool. Current pool size: 1 used connections; 9 free connection
2021-02-02 15:23:57.282 DEBUG [main] [dao.database.PatientDaoImpl.update(PatientDaoImpl.java:134)] - Patient with id=9 was updated
2021-02-02 15:23:57.302 DEBUG [main] [dao.database.PatientDaoImpl.read(PatientDaoImpl.java:85)] - Patients were read
2021-02-02 15:23:57.305 DEBUG [main] [dao.database.UserDaoImpl.read(UserDaoImpl.java:92)] - User was read
2021-02-02 15:23:57.307 DEBUG [main] [dao.database.UserDaoImpl.read(UserDaoImpl.java:92)] - User was read
2021-02-02 15:23:57.309 DEBUG [main] [dao.database.UserDaoImpl.read(UserDaoImpl.java:92)] - User was read
2021-02-02 15:28:57.172 DEBUG [main] [dao.pool.ConnectionPool.getConnection(ConnectionPool.java:118)] - Connection was received from pool. Current pool size: 1 used connections; 9 free connection
2021-02-02 15:29:41.018 DEBUG [main] [dao.pool.ConnectionPool.getConnection(ConnectionPool.java:118)] - Connection was received from pool. Current pool size: 1 used connections; 9 free connection
2021-02-02 15:31:15.775 DEBUG [main] [dao.pool.ConnectionPool.getConnection(ConnectionPool.java:118)] - Connection was received from pool. Current pool size: 1 used connections; 9 free connection
2021-02-02 15:31:15.871 DEBUG [main] [dao.database.PatientDaoImpl.read(PatientDaoImpl.java:116)] - Patient with id = 1 was read
2021-02-02 15:31:15.875 DEBUG [main] [dao.database.UserDaoImpl.read(UserDaoImpl.java:92)] - User was read
2021-02-02 15:31:15.887 DEBUG [main] [dao.database.PatientDaoImpl.read(PatientDaoImpl.java:116)] - Patient with id = 2 was read
2021-02-02 15:31:15.891 DEBUG [main] [dao.database.UserDaoImpl.read(UserDaoImpl.java:92)] - User was read
2021-02-02 15:32:23.363 DEBUG [main] [dao.pool.ConnectionPool.getConnection(ConnectionPool.java:118)] - Connection was received from pool. Current pool size: 1 used connections; 9 free connection
2021-02-02 15:32:23.442 DEBUG [main] [dao.database.PatientDaoImpl.read(PatientDaoImpl.java:85)] - Patients were read
2021-02-02 15:32:23.445 DEBUG [main] [dao.database.UserDaoImpl.read(UserDaoImpl.java:92)] - User was read
2021-02-02 15:32:23.447 DEBUG [main] [dao.database.UserDaoImpl.read(UserDaoImpl.java:92)] - User was read
2021-02-02 15:32:23.450 DEBUG [main] [dao.database.UserDaoImpl.read(UserDaoImpl.java:92)] - User was read
